0 info it worked if it ends with ok
1 verbose cli [ '/usr/bin/node', '/usr/bin/npm', 'run', 'commit' ]
2 info using npm@3.5.2
3 info using node@v8.10.0
4 verbose run-script [ 'precommit', 'commit', 'postcommit' ]
5 info lifecycle rogerkirkness.com@1.1.2~precommit: rogerkirkness.com@1.1.2
6 silly lifecycle rogerkirkness.com@1.1.2~precommit: no script for precommit, continuing
7 info lifecycle rogerkirkness.com@1.1.2~commit: rogerkirkness.com@1.1.2
8 verbose lifecycle rogerkirkness.com@1.1.2~commit: unsafe-perm in lifecycle true
9 verbose lifecycle rogerkirkness.com@1.1.2~commit: PATH: /usr/share/npm/bin/node-gyp-bin:/home/roger/GitHub/rogerkirkness/node_modules/.bin:/usr/local/sbin:/usr/local/bin:/usr/sbin:/usr/bin:/sbin:/bin:/usr/games:/usr/local/games:/snap/bin
10 verbose lifecycle rogerkirkness.com@1.1.2~commit: CWD: /home/roger/GitHub/rogerkirkness
11 silly lifecycle rogerkirkness.com@1.1.2~commit: Args: [ '-c',
11 silly lifecycle   'git add -A && git commit -m "Bump version to $npm_package_version" && git push' ]
12 silly lifecycle rogerkirkness.com@1.1.2~commit: Returned: code: 128  signal: null
13 info lifecycle rogerkirkness.com@1.1.2~commit: Failed to exec commit script
14 verbose stack Error: rogerkirkness.com@1.1.2 commit: `git add -A && git commit -m "Bump version to $npm_package_version" && git push`
14 verbose stack Exit status 128
14 verbose stack     at EventEmitter.<anonymous> (/usr/share/npm/lib/utils/lifecycle.js:232:16)
14 verbose stack     at emitTwo (events.js:126:13)
14 verbose stack     at EventEmitter.emit (events.js:214:7)
14 verbose stack     at ChildProcess.<anonymous> (/usr/share/npm/lib/utils/spawn.js:24:14)
14 verbose stack     at emitTwo (events.js:126:13)
14 verbose stack     at ChildProcess.emit (events.js:214:7)
14 verbose stack     at maybeClose (internal/child_process.js:925:16)
14 verbose stack     at Process.ChildProcess._handle.onexit (internal/child_process.js:209:5)
15 verbose pkgid rogerkirkness.com@1.1.2
16 verbose cwd /home/roger/GitHub/rogerkirkness
17 error Linux 4.15.0-1024-oem
18 error argv "/usr/bin/node" "/usr/bin/npm" "run" "commit"
19 error node v8.10.0
20 error npm  v3.5.2
21 error code ELIFECYCLE
22 error rogerkirkness.com@1.1.2 commit: `git add -A && git commit -m "Bump version to $npm_package_version" && git push`
22 error Exit status 128
23 error Failed at the rogerkirkness.com@1.1.2 commit script 'git add -A && git commit -m "Bump version to $npm_package_version" && git push'.
23 error Make sure you have the latest version of node.js and npm installed.
23 error If you do, this is most likely a problem with the rogerkirkness.com package,
23 error not with npm itself.
23 error Tell the author that this fails on your system:
23 error     git add -A && git commit -m "Bump version to $npm_package_version" && git push
23 error You can get information on how to open an issue for this project with:
23 error     npm bugs rogerkirkness.com
23 error Or if that isn't available, you can get their info via:
23 error     npm owner ls rogerkirkness.com
23 error There is likely additional logging output above.
24 verbose exit [ 1, true ]
